2014-12-06 20:30:06 Error: [MissingControllerException] Controller class TagidsusersController could not be found.
Exception Attributes: array (
  'class' => 'TagidsusersController',
  'plugin' => NULL,
)
Request URL: /nfc_unlocker/tagidsusers
Stack Trace:
#0 /srv/http/nfc_unlocker/app/webroot/index.php(108): Dispatcher->dispatch(Object(CakeRequest), Object(CakeResponse))
#1 {main}
2014-12-06 20:30:09 Error: [MissingControllerException] Controller class TagidsusersController could not be found.
Exception Attributes: array (
  'class' => 'TagidsusersController',
  'plugin' => NULL,
)
Request URL: /nfc_unlocker/tagidsusers
Stack Trace:
#0 /srv/http/nfc_unlocker/app/webroot/index.php(108): Dispatcher->dispatch(Object(CakeRequest), Object(CakeResponse))
#1 {main}
2014-12-06 20:30:29 Error: [MissingControllerException] Controller class TagidsusersController could not be found.
Exception Attributes: array (
  'class' => 'TagidsusersController',
  'plugin' => NULL,
)
Request URL: /nfc_unlocker/tagidsusers
Stack Trace:
#0 /srv/http/nfc_unlocker/app/webroot/index.php(108): Dispatcher->dispatch(Object(CakeRequest), Object(CakeResponse))
#1 {main}
2014-12-06 20:31:17 Error: [MissingControllerException] Controller class TagidsusersController could not be found.
Exception Attributes: array (
  'class' => 'TagidsusersController',
  'plugin' => NULL,
)
Request URL: /nfc_unlocker/tagidsusers/add
Stack Trace:
#0 /srv/http/nfc_unlocker/app/webroot/index.php(108): Dispatcher->dispatch(Object(CakeRequest), Object(CakeResponse))
#1 {main}
2014-12-06 22:44:11 Error: [MissingControllerException] Controller class Operations.phpController could not be found.
Exception Attributes: array (
  'class' => 'Operations.phpController',
  'plugin' => NULL,
)
Request URL: /nfc_unlocker/operations.php?cod=3&tag=53E693F4
Stack Trace:
#0 /srv/http/nfc_unlocker/app/webroot/index.php(108): Dispatcher->dispatch(Object(CakeRequest), Object(CakeResponse))
#1 {main}
